<?xml version="1.0" encoding="UTF-8"?>
<!-- Generated by org.testng.reporters.JUnitReportReporter -->
<testsuite hostname="XENAPTCSTEST1" name="com.yousee.driver.Driver" tests="1" failures="0" timestamp="21 Nov 2016 08:14:52 GMT" time="47.591" errors="1">
  <testcase name="testMovie" time="47.591" classname="com.yousee.driver.Driver">
    <error type="org.openqa.selenium.WebDriverException" message="Failed to connect to binary FirefoxBinary(F:\Program Files (x86)\Mozilla Firefox\firefox.exe) on port 7055; process output follows: 
al Testing to work with Firefox.&quot;,&quot;creator&quot;:&quot;Hewlett-Packard Development Company, L.P.&quot;,&quot;homepageURL&quot;:null},&quot;visible&quot;:false,&quot;active&quot;:false,&quot;userDisabled&quot;:true,&quot;appDisabled&quot;:true,&quot;descriptor&quot;:&quot;F:\\Program Files (x86)\\HP\\Unified Functional Testing\\\\bin\\Mozilla\\Common&quot;,&quot;installDate&quot;:1467712689099,&quot;updateDate&quot;:1467712689099,&quot;applyBackgroundUpdates&quot;:1,&quot;bootstrap&quot;:false,&quot;skinnable&quot;:false,&quot;size&quot;:82858210,&quot;sourceURI&quot;:null,&quot;releaseNotesURI&quot;:null,&quot;softDisabled&quot;:false,&quot;foreignInstall&quot;:true,&quot;hasBinaryComponents&quot;:true,&quot;strictCompatibility&quot;:false,&quot;locales&quot;:[],&quot;targetApplications&quot;:[{&quot;id&quot;:&quot;{ec8030f7-c20a-464f-9b0e-13a3a9e97384}&quot;,&quot;minVersion&quot;:&quot;3.0&quot;,&quot;maxVersion&quot;:&quot;39.*&quot;}],&quot;targetPlatforms&quot;:[],&quot;multiprocessCompatible&quot;:false,&quot;signedState&quot;:0,&quot;seen&quot;:true}
1479716048746	DeferredSave.extensions.json	DEBUG	Save changes
1479716048746	addons.xpi	DEBUG	Updating database with changes to installed add-ons
1479716048746	addons.xpi-utils	DEBUG	Updating add-on states
1479716048750	addons.xpi-utils	DEBUG	Writing add-ons list
1479716048760	addons.xpi	DEBUG	Registering manifest for F:\Program Files (x86)\Mozilla Firefox\browser\features\aushelper@mozilla.org.xpi
1479716048761	addons.xpi	DEBUG	Calling bootstrap method startup on aushelper@mozilla.org version 1.0
1479716048763	addons.xpi	DEBUG	Registering manifest for F:\Program Files (x86)\Mozilla Firefox\browser\features\e10srollout@mozilla.org.xpi
1479716048764	addons.xpi	DEBUG	Calling bootstrap method startup on e10srollout@mozilla.org version 1.5
1479716048765	addons.xpi	DEBUG	Registering manifest for F:\Program Files (x86)\Mozilla Firefox\browser\features\firefox@getpocket.com.xpi
1479716048767	addons.xpi	DEBUG	Calling bootstrap method startup on firefox@getpocket.com version 1.0.5
1479716048768	addons.xpi	DEBUG	Registering manifest for F:\Program Files (x86)\Mozilla Firefox\browser\features\webcompat@mozilla.org.xpi
1479716048768	addons.xpi	DEBUG	Calling bootstrap method startup on webcompat@mozilla.org version 1.0
1479716048771	addons.manager	DEBUG	Registering shutdown blocker for XPIProvider
1479716048771	addons.manager	DEBUG	Provider finished startup: XPIProvider
1479716048771	addons.manager	DEBUG	Starting provider: LightweightThemeManager
1479716048771	addons.manager	DEBUG	Registering shutdown blocker for LightweightThemeManager
1479716048772	addons.manager	DEBUG	Provider finished startup: LightweightThemeManager
1479716048772	addons.manager	DEBUG	Starting provider: GMPProvider
1479716048785	addons.manager	DEBUG	Registering shutdown blocker for GMPProvider
1479716048786	addons.manager	DEBUG	Provider finished startup: GMPProvider
1479716048786	addons.manager	DEBUG	Starting provider: PluginProvider
1479716048786	addons.manager	DEBUG	Registering shutdown blocker for PluginProvider
1479716048787	addons.manager	DEBUG	Provider finished startup: PluginProvider
1479716048788	addons.manager	DEBUG	Completed startup sequence
1479716049403	addons.manager	DEBUG	Starting provider: &lt;unnamed-provider&gt;
1479716049404	addons.manager	DEBUG	Registering shutdown blocker for &lt;unnamed-provider&gt;
1479716049405	addons.manager	DEBUG	Provider finished startup: &lt;unnamed-provider&gt;
1479716049586	DeferredSave.extensions.json	DEBUG	Write succeeded
1479716049586	addons.xpi-utils	DEBUG	XPI Database saved, setting schema version preference to 17
1479716049587	DeferredSave.extensions.json	DEBUG	Starting timer
1479716049609	addons.repository	DEBUG	No addons.json found.
1479716049609	DeferredSave.addons.json	DEBUG	Save changes
1479716049612	DeferredSave.addons.json	DEBUG	Starting timer
1479716049663	addons.manager	DEBUG	Starting provider: PreviousExperimentProvider
1479716049663	addons.manager	DEBUG	Registering shutdown blocker for PreviousExperimentProvider
1479716049663	addons.manager	DEBUG	Provider finished startup: PreviousExperimentProvider
1479716049667	DeferredSave.extensions.json	DEBUG	Starting write
1479716049671	DeferredSave.addons.json	DEBUG	Starting write
1479716049714	DeferredSave.extensions.json	DEBUG	Write succeeded
1479716049725	DeferredSave.addons.json	DEBUG	Write succeeded

Build info: version: &#039;2.53.1&#039;, revision: &#039;a36b8b1&#039;, time: &#039;2016-06-30 17:32:46&#039;
System info: host: &#039;XENAPTCSTEST1&#039;, ip: &#039;10.74.139.112&#039;, os.name: &#039;Windows Server 2008&#039;, os.arch: &#039;x86&#039;, os.version: &#039;6.0&#039;, java.version: &#039;1.7.0_79&#039;
Driver info: driver.version: Driver">
      <![CDATA[org.openqa.selenium.WebDriverException: Failed to connect to binary FirefoxBinary(F:\Program Files (x86)\Mozilla Firefox\firefox.exe) on port 7055; process output follows: 
al Testing to work with Firefox.","creator":"Hewlett-Packard Development Company, L.P.","homepageURL":null},"visible":false,"active":false,"userDisabled":true,"appDisabled":true,"descriptor":"F:\\Program Files (x86)\\HP\\Unified Functional Testing\\\\bin\\Mozilla\\Common","installDate":1467712689099,"updateDate":1467712689099,"applyBackgroundUpdates":1,"bootstrap":false,"skinnable":false,"size":82858210,"sourceURI":null,"releaseNotesURI":null,"softDisabled":false,"foreignInstall":true,"hasBinaryComponents":true,"strictCompatibility":false,"locales":[],"targetApplications":[{"id":"{ec8030f7-c20a-464f-9b0e-13a3a9e97384}","minVersion":"3.0","maxVersion":"39.*"}],"targetPlatforms":[],"multiprocessCompatible":false,"signedState":0,"seen":true}
1479716048746	DeferredSave.extensions.json	DEBUG	Save changes
1479716048746	addons.xpi	DEBUG	Updating database with changes to installed add-ons
1479716048746	addons.xpi-utils	DEBUG	Updating add-on states
1479716048750	addons.xpi-utils	DEBUG	Writing add-ons list
1479716048760	addons.xpi	DEBUG	Registering manifest for F:\Program Files (x86)\Mozilla Firefox\browser\features\aushelper@mozilla.org.xpi
1479716048761	addons.xpi	DEBUG	Calling bootstrap method startup on aushelper@mozilla.org version 1.0
1479716048763	addons.xpi	DEBUG	Registering manifest for F:\Program Files (x86)\Mozilla Firefox\browser\features\e10srollout@mozilla.org.xpi
1479716048764	addons.xpi	DEBUG	Calling bootstrap method startup on e10srollout@mozilla.org version 1.5
1479716048765	addons.xpi	DEBUG	Registering manifest for F:\Program Files (x86)\Mozilla Firefox\browser\features\firefox@getpocket.com.xpi
1479716048767	addons.xpi	DEBUG	Calling bootstrap method startup on firefox@getpocket.com version 1.0.5
1479716048768	addons.xpi	DEBUG	Registering manifest for F:\Program Files (x86)\Mozilla Firefox\browser\features\webcompat@mozilla.org.xpi
1479716048768	addons.xpi	DEBUG	Calling bootstrap method startup on webcompat@mozilla.org version 1.0
1479716048771	addons.manager	DEBUG	Registering shutdown blocker for XPIProvider
1479716048771	addons.manager	DEBUG	Provider finished startup: XPIProvider
1479716048771	addons.manager	DEBUG	Starting provider: LightweightThemeManager
1479716048771	addons.manager	DEBUG	Registering shutdown blocker for LightweightThemeManager
1479716048772	addons.manager	DEBUG	Provider finished startup: LightweightThemeManager
1479716048772	addons.manager	DEBUG	Starting provider: GMPProvider
1479716048785	addons.manager	DEBUG	Registering shutdown blocker for GMPProvider
1479716048786	addons.manager	DEBUG	Provider finished startup: GMPProvider
1479716048786	addons.manager	DEBUG	Starting provider: PluginProvider
1479716048786	addons.manager	DEBUG	Registering shutdown blocker for PluginProvider
1479716048787	addons.manager	DEBUG	Provider finished startup: PluginProvider
1479716048788	addons.manager	DEBUG	Completed startup sequence
1479716049403	addons.manager	DEBUG	Starting provider: <unnamed-provider>
1479716049404	addons.manager	DEBUG	Registering shutdown blocker for <unnamed-provider>
1479716049405	addons.manager	DEBUG	Provider finished startup: <unnamed-provider>
1479716049586	DeferredSave.extensions.json	DEBUG	Write succeeded
1479716049586	addons.xpi-utils	DEBUG	XPI Database saved, setting schema version preference to 17
1479716049587	DeferredSave.extensions.json	DEBUG	Starting timer
1479716049609	addons.repository	DEBUG	No addons.json found.
1479716049609	DeferredSave.addons.json	DEBUG	Save changes
1479716049612	DeferredSave.addons.json	DEBUG	Starting timer
1479716049663	addons.manager	DEBUG	Starting provider: PreviousExperimentProvider
1479716049663	addons.manager	DEBUG	Registering shutdown blocker for PreviousExperimentProvider
1479716049663	addons.manager	DEBUG	Provider finished startup: PreviousExperimentProvider
1479716049667	DeferredSave.extensions.json	DEBUG	Starting write
1479716049671	DeferredSave.addons.json	DEBUG	Starting write
1479716049714	DeferredSave.extensions.json	DEBUG	Write succeeded
1479716049725	DeferredSave.addons.json	DEBUG	Write succeeded

Build info: version: '2.53.1', revision: 'a36b8b1', time: '2016-06-30 17:32:46'
System info: host: 'XENAPTCSTEST1', ip: '10.74.139.112', os.name: 'Windows Server 2008', os.arch: 'x86', os.version: '6.0', java.version: '1.7.0_79'
Driver info: driver.version: Driver
	at org.openqa.selenium.firefox.internal.NewProfileExtensionConnection.start(NewProfileExtensionConnection.java:124)
	at org.openqa.selenium.firefox.FirefoxDriver.startClient(FirefoxDriver.java:271)
	at org.openqa.selenium.remote.RemoteWebDriver.<init>(RemoteWebDriver.java:119)
	at org.openqa.selenium.firefox.FirefoxDriver.<init>(FirefoxDriver.java:218)
	at org.openqa.selenium.firefox.FirefoxDriver.<init>(FirefoxDriver.java:211)
	at org.openqa.selenium.firefox.FirefoxDriver.<init>(FirefoxDriver.java:207)
	at org.openqa.selenium.firefox.FirefoxDriver.<init>(FirefoxDriver.java:120)
	at com.yousee.controller.Execute_Driver.browserSelection(Execute_Driver.java:25)
	at com.yousee.driver.Driver.testMovie(Driver.java:24)
	at sun.reflect.NativeMethodAccessorImpl.invoke0(Native Method)
	at sun.reflect.NativeMethodAccessorImpl.invoke(NativeMethodAccessorImpl.java:57)
	at sun.reflect.DelegatingMethodAccessorImpl.invoke(DelegatingMethodAccessorImpl.java:43)
	at java.lang.reflect.Method.invoke(Method.java:606)
	at org.testng.internal.MethodInvocationHelper.invokeMethod(MethodInvocationHelper.java:85)
	at org.testng.internal.Invoker.invokeMethod(Invoker.java:639)
	at org.testng.internal.Invoker.invokeTestMethod(Invoker.java:816)
	at org.testng.internal.Invoker.invokeTestMethods(Invoker.java:1124)
	at org.testng.internal.TestMethodWorker.invokeTestMethods(TestMethodWorker.java:125)
	at org.testng.internal.TestMethodWorker.run(TestMethodWorker.java:108)
	at org.testng.TestRunner.privateRun(TestRunner.java:774)
	at org.testng.TestRunner.run(TestRunner.java:624)
	at org.testng.SuiteRunner.runTest(SuiteRunner.java:359)
	at org.testng.SuiteRunner.access$000(SuiteRunner.java:39)
	at org.testng.SuiteRunner$SuiteWorker.run(SuiteRunner.java:393)
	at org.testng.internal.thread.ThreadUtil$2.call(ThreadUtil.java:64)
	at java.util.concurrent.FutureTask.run(FutureTask.java:262)
	at java.util.concurrent.ThreadPoolExecutor.runWorker(ThreadPoolExecutor.java:1145)
	at java.util.concurrent.ThreadPoolExecutor$Worker.run(ThreadPoolExecutor.java:615)
	at java.lang.Thread.run(Thread.java:745)
Caused by: org.openqa.selenium.firefox.NotConnectedException: Unable to connect to host 127.0.0.1 on port 7055 after 45000 ms. Firefox console output:
al Testing to work with Firefox.","creator":"Hewlett-Packard Development Company, L.P.","homepageURL":null},"visible":false,"active":false,"userDisabled":true,"appDisabled":true,"descriptor":"F:\\Program Files (x86)\\HP\\Unified Functional Testing\\\\bin\\Mozilla\\Common","installDate":1467712689099,"updateDate":1467712689099,"applyBackgroundUpdates":1,"bootstrap":false,"skinnable":false,"size":82858210,"sourceURI":null,"releaseNotesURI":null,"softDisabled":false,"foreignInstall":true,"hasBinaryComponents":true,"strictCompatibility":false,"locales":[],"targetApplications":[{"id":"{ec8030f7-c20a-464f-9b0e-13a3a9e97384}","minVersion":"3.0","maxVersion":"39.*"}],"targetPlatforms":[],"multiprocessCompatible":false,"signedState":0,"seen":true}
1479716048746	DeferredSave.extensions.json	DEBUG	Save changes
1479716048746	addons.xpi	DEBUG	Updating database with changes to installed add-ons
1479716048746	addons.xpi-utils	DEBUG	Updating add-on states
1479716048750	addons.xpi-utils	DEBUG	Writing add-ons list
1479716048760	addons.xpi	DEBUG	Registering manifest for F:\Program Files (x86)\Mozilla Firefox\browser\features\aushelper@mozilla.org.xpi
1479716048761	addons.xpi	DEBUG	Calling bootstrap method startup on aushelper@mozilla.org version 1.0
1479716048763	addons.xpi	DEBUG	Registering manifest for F:\Program Files (x86)\Mozilla Firefox\browser\features\e10srollout@mozilla.org.xpi
1479716048764	addons.xpi	DEBUG	Calling bootstrap method startup on e10srollout@mozilla.org version 1.5
1479716048765	addons.xpi	DEBUG	Registering manifest for F:\Program Files (x86)\Mozilla Firefox\browser\features\firefox@getpocket.com.xpi
1479716048767	addons.xpi	DEBUG	Calling bootstrap method startup on firefox@getpocket.com version 1.0.5
1479716048768	addons.xpi	DEBUG	Registering manifest for F:\Program Files (x86)\Mozilla Firefox\browser\features\webcompat@mozilla.org.xpi
1479716048768	addons.xpi	DEBUG	Calling bootstrap method startup on webcompat@mozilla.org version 1.0
1479716048771	addons.manager	DEBUG	Registering shutdown blocker for XPIProvider
1479716048771	addons.manager	DEBUG	Provider finished startup: XPIProvider
1479716048771	addons.manager	DEBUG	Starting provider: LightweightThemeManager
1479716048771	addons.manager	DEBUG	Registering shutdown blocker for LightweightThemeManager
1479716048772	addons.manager	DEBUG	Provider finished startup: LightweightThemeManager
1479716048772	addons.manager	DEBUG	Starting provider: GMPProvider
1479716048785	addons.manager	DEBUG	Registering shutdown blocker for GMPProvider
1479716048786	addons.manager	DEBUG	Provider finished startup: GMPProvider
1479716048786	addons.manager	DEBUG	Starting provider: PluginProvider
1479716048786	addons.manager	DEBUG	Registering shutdown blocker for PluginProvider
1479716048787	addons.manager	DEBUG	Provider finished startup: PluginProvider
1479716048788	addons.manager	DEBUG	Completed startup sequence
1479716049403	addons.manager	DEBUG	Starting provider: <unnamed-provider>
1479716049404	addons.manager	DEBUG	Registering shutdown blocker for <unnamed-provider>
1479716049405	addons.manager	DEBUG	Provider finished startup: <unnamed-provider>
1479716049586	DeferredSave.extensions.json	DEBUG	Write succeeded
1479716049586	addons.xpi-utils	DEBUG	XPI Database saved, setting schema version preference to 17
1479716049587	DeferredSave.extensions.json	DEBUG	Starting timer
1479716049609	addons.repository	DEBUG	No addons.json found.
1479716049609	DeferredSave.addons.json	DEBUG	Save changes
1479716049612	DeferredSave.addons.json	DEBUG	Starting timer
1479716049663	addons.manager	DEBUG	Starting provider: PreviousExperimentProvider
1479716049663	addons.manager	DEBUG	Registering shutdown blocker for PreviousExperimentProvider
1479716049663	addons.manager	DEBUG	Provider finished startup: PreviousExperimentProvider
1479716049667	DeferredSave.extensions.json	DEBUG	Starting write
1479716049671	DeferredSave.addons.json	DEBUG	Starting write
1479716049714	DeferredSave.extensions.json	DEBUG	Write succeeded
1479716049725	DeferredSave.addons.json	DEBUG	Write succeeded

	at org.openqa.selenium.firefox.internal.NewProfileExtensionConnection.start(NewProfileExtensionConnection.java:112)
	... 28 more
]]>
    </error>
  </testcase> <!-- testMovie -->
</testsuite> <!-- com.yousee.driver.Driver -->
